mode: set
github.com/dineshba/tf-summarize/writer/html.go:18.51,22.16 4 0
github.com/dineshba/tf-summarize/writer/html.go:22.16,24.3 1 0
github.com/dineshba/tf-summarize/writer/html.go:26.2,27.16 2 0
github.com/dineshba/tf-summarize/writer/html.go:27.16,29.3 1 0
github.com/dineshba/tf-summarize/writer/html.go:31.2,31.40 1 0
github.com/dineshba/tf-summarize/writer/html.go:31.40,33.3 1 0
github.com/dineshba/tf-summarize/writer/html.go:35.2,37.16 3 0
github.com/dineshba/tf-summarize/writer/html.go:37.16,39.3 1 0
github.com/dineshba/tf-summarize/writer/html.go:41.2,41.38 1 0
github.com/dineshba/tf-summarize/writer/html.go:45.113,50.2 1 0
github.com/dineshba/tf-summarize/writer/json-prettyprint.go:28.32,39.2 1 0
github.com/dineshba/tf-summarize/writer/json-prettyprint.go:42.60,44.16 2 0
github.com/dineshba/tf-summarize/writer/json-prettyprint.go:44.16,46.3 1 0
github.com/dineshba/tf-summarize/writer/json-prettyprint.go:48.2,48.23 1 0
github.com/dineshba/tf-summarize/writer/json-prettyprint.go:52.57,56.43 4 0
github.com/dineshba/tf-summarize/writer/json-prettyprint.go:56.43,58.3 1 0
github.com/dineshba/tf-summarize/writer/json-prettyprint.go:60.2,60.36 1 0
github.com/dineshba/tf-summarize/writer/json-prettyprint.go:63.61,64.25 1 0
github.com/dineshba/tf-summarize/writer/json-prettyprint.go:65.14,66.30 1 0
github.com/dineshba/tf-summarize/writer/json-prettyprint.go:67.15,68.47 1 0
github.com/dineshba/tf-summarize/writer/json-prettyprint.go:69.19,70.21 1 0
github.com/dineshba/tf-summarize/writer/json-prettyprint.go:71.12,72.33 1 0
github.com/dineshba/tf-summarize/writer/json-prettyprint.go:73.11,74.16 1 0
github.com/dineshba/tf-summarize/writer/json-prettyprint.go:75.30,76.34 1 0
github.com/dineshba/tf-summarize/writer/json-prettyprint.go:77.21,78.36 1 0
github.com/dineshba/tf-summarize/writer/json-prettyprint.go:81.2,81.11 1 0
github.com/dineshba/tf-summarize/writer/json-prettyprint.go:84.52,86.59 2 0
github.com/dineshba/tf-summarize/writer/json-prettyprint.go:86.59,88.3 1 0
github.com/dineshba/tf-summarize/writer/json-prettyprint.go:90.2,97.10 7 0
github.com/dineshba/tf-summarize/writer/json-prettyprint.go:100.76,101.17 1 0
github.com/dineshba/tf-summarize/writer/json-prettyprint.go:101.17,103.3 1 0
github.com/dineshba/tf-summarize/writer/json-prettyprint.go:105.2,110.21 5 0
github.com/dineshba/tf-summarize/writer/json-prettyprint.go:110.21,112.3 1 0
github.com/dineshba/tf-summarize/writer/json-prettyprint.go:114.2,116.27 2 0
github.com/dineshba/tf-summarize/writer/json-prettyprint.go:116.27,128.19 10 0
github.com/dineshba/tf-summarize/writer/json-prettyprint.go:128.19,130.4 1 0
github.com/dineshba/tf-summarize/writer/json-prettyprint.go:130.9,130.26 1 0
github.com/dineshba/tf-summarize/writer/json-prettyprint.go:130.26,132.4 1 0
github.com/dineshba/tf-summarize/writer/json-prettyprint.go:132.9,132.26 1 0
github.com/dineshba/tf-summarize/writer/json-prettyprint.go:132.26,134.4 1 0
github.com/dineshba/tf-summarize/writer/json-prettyprint.go:134.9,134.28 1 0
github.com/dineshba/tf-summarize/writer/json-prettyprint.go:134.28,136.4 1 0
github.com/dineshba/tf-summarize/writer/json-prettyprint.go:138.3,139.22 2 0
github.com/dineshba/tf-summarize/writer/json-prettyprint.go:139.22,141.4 1 0
github.com/dineshba/tf-summarize/writer/json-prettyprint.go:142.3,143.27 2 0
github.com/dineshba/tf-summarize/writer/json-prettyprint.go:146.2,146.106 1 0
github.com/dineshba/tf-summarize/writer/json-prettyprint.go:149.69,150.17 1 0
github.com/dineshba/tf-summarize/writer/json-prettyprint.go:150.17,152.3 1 0
github.com/dineshba/tf-summarize/writer/json-prettyprint.go:154.2,158.24 4 0
github.com/dineshba/tf-summarize/writer/json-prettyprint.go:158.24,162.3 3 0
github.com/dineshba/tf-summarize/writer/json-prettyprint.go:163.2,163.106 1 0
github.com/dineshba/tf-summarize/writer/json-prettyprint.go:166.54,168.2 1 0
github.com/dineshba/tf-summarize/writer/json-prettyprint.go:171.45,173.2 1 0
github.com/dineshba/tf-summarize/writer/json-prettyprint.go:176.42,178.2 1 0
github.com/dineshba/tf-summarize/writer/json.go:17.51,21.26 3 0
github.com/dineshba/tf-summarize/writer/json.go:21.26,23.3 1 0
github.com/dineshba/tf-summarize/writer/json.go:24.2,26.12 3 0
github.com/dineshba/tf-summarize/writer/json.go:29.41,32.20 2 0
github.com/dineshba/tf-summarize/writer/json.go:32.20,35.37 3 0
github.com/dineshba/tf-summarize/writer/json.go:35.37,44.4 7 0
github.com/dineshba/tf-summarize/writer/json.go:44.9,45.38 1 0
github.com/dineshba/tf-summarize/writer/json.go:45.38,47.5 1 0
github.com/dineshba/tf-summarize/writer/json.go:48.4,48.21 1 0
github.com/dineshba/tf-summarize/writer/json.go:48.21,50.5 1 0
github.com/dineshba/tf-summarize/writer/json.go:53.3,54.19 2 0
github.com/dineshba/tf-summarize/writer/json.go:56.2,56.35 1 0
github.com/dineshba/tf-summarize/writer/json.go:56.35,58.3 1 0
github.com/dineshba/tf-summarize/writer/json.go:59.2,59.18 1 0
github.com/dineshba/tf-summarize/writer/json.go:62.67,64.2 1 0
github.com/dineshba/tf-summarize/writer/separate_tree.go:18.53,20.30 2 0
github.com/dineshba/tf-summarize/writer/separate_tree.go:20.30,21.17 1 0
github.com/dineshba/tf-summarize/writer/separate_tree.go:21.17,23.18 2 0
github.com/dineshba/tf-summarize/writer/separate_tree.go:23.18,25.5 1 0
github.com/dineshba/tf-summarize/writer/separate_tree.go:26.4,28.18 3 0
github.com/dineshba/tf-summarize/writer/separate_tree.go:28.18,30.5 1 0
github.com/dineshba/tf-summarize/writer/separate_tree.go:31.4,32.18 2 0
github.com/dineshba/tf-summarize/writer/separate_tree.go:32.18,34.5 1 0
github.com/dineshba/tf-summarize/writer/separate_tree.go:37.2,37.12 1 0
github.com/dineshba/tf-summarize/writer/separate_tree.go:40.95,42.2 1 0
github.com/dineshba/tf-summarize/writer/table.go:19.52,21.36 2 1
github.com/dineshba/tf-summarize/writer/table.go:21.36,23.52 2 1
github.com/dineshba/tf-summarize/writer/table.go:23.52,24.19 1 1
github.com/dineshba/tf-summarize/writer/table.go:24.19,26.5 1 1
github.com/dineshba/tf-summarize/writer/table.go:26.10,28.5 1 1
github.com/dineshba/tf-summarize/writer/table.go:32.2,37.17 5 1
github.com/dineshba/tf-summarize/writer/table.go:37.17,40.3 2 1
github.com/dineshba/tf-summarize/writer/table.go:40.8,42.3 1 1
github.com/dineshba/tf-summarize/writer/table.go:44.2,47.39 2 1
github.com/dineshba/tf-summarize/writer/table.go:47.39,49.37 2 1
github.com/dineshba/tf-summarize/writer/table.go:49.37,51.49 2 1
github.com/dineshba/tf-summarize/writer/table.go:51.49,52.20 1 1
github.com/dineshba/tf-summarize/writer/table.go:52.20,54.6 1 1
github.com/dineshba/tf-summarize/writer/table.go:54.11,56.6 1 1
github.com/dineshba/tf-summarize/writer/table.go:59.3,64.18 5 1
github.com/dineshba/tf-summarize/writer/table.go:64.18,71.4 3 1
github.com/dineshba/tf-summarize/writer/table.go:71.9,73.4 1 1
github.com/dineshba/tf-summarize/writer/table.go:75.3,75.17 1 1
github.com/dineshba/tf-summarize/writer/table.go:78.2,78.12 1 1
github.com/dineshba/tf-summarize/writer/table.go:81.130,87.2 1 1
github.com/dineshba/tf-summarize/writer/tree.go:16.51,19.16 2 0
github.com/dineshba/tf-summarize/writer/tree.go:19.16,23.3 3 0
github.com/dineshba/tf-summarize/writer/tree.go:25.2,25.26 1 0
github.com/dineshba/tf-summarize/writer/tree.go:25.26,27.17 2 0
github.com/dineshba/tf-summarize/writer/tree.go:27.17,29.4 1 0
github.com/dineshba/tf-summarize/writer/tree.go:31.2,31.12 1 0
github.com/dineshba/tf-summarize/writer/tree.go:34.82,36.2 1 0
github.com/dineshba/tf-summarize/writer/tree.go:38.77,41.23 3 0
github.com/dineshba/tf-summarize/writer/tree.go:41.23,44.3 2 0
github.com/dineshba/tf-summarize/writer/tree.go:44.8,46.3 1 0
github.com/dineshba/tf-summarize/writer/tree.go:47.2,47.16 1 0
github.com/dineshba/tf-summarize/writer/tree.go:47.16,49.3 1 0
github.com/dineshba/tf-summarize/writer/tree.go:51.2,51.34 1 0
github.com/dineshba/tf-summarize/writer/tree.go:51.34,54.17 3 0
github.com/dineshba/tf-summarize/writer/tree.go:54.17,56.4 1 0
github.com/dineshba/tf-summarize/writer/tree.go:58.2,58.12 1 0
github.com/dineshba/tf-summarize/writer/util.go:10.59,13.30 2 1
github.com/dineshba/tf-summarize/writer/util.go:13.30,14.17 1 1
github.com/dineshba/tf-summarize/writer/util.go:14.17,16.9 2 1
github.com/dineshba/tf-summarize/writer/util.go:20.2,20.19 1 1
github.com/dineshba/tf-summarize/writer/writer.go:14.102,15.10 1 0
github.com/dineshba/tf-summarize/writer/writer.go:15.10,17.3 1 0
github.com/dineshba/tf-summarize/writer/writer.go:18.2,18.18 1 0
github.com/dineshba/tf-summarize/writer/writer.go:18.18,20.3 1 0
github.com/dineshba/tf-summarize/writer/writer.go:21.2,21.10 1 0
github.com/dineshba/tf-summarize/writer/writer.go:21.10,23.3 1 0
github.com/dineshba/tf-summarize/writer/writer.go:24.2,24.10 1 0
github.com/dineshba/tf-summarize/writer/writer.go:24.10,26.3 1 0
github.com/dineshba/tf-summarize/writer/writer.go:28.2,28.120 1 0
